<?xml version="1.0" encoding="UTF-8"?>
<!-- Generated by org.testng.reporters.JUnitReportReporter -->
<testsuite skipped="0" hostname="liyan" name="com.demo.test.MavenDemoTest" tests="1" failures="0" timestamp="2019-09-05T15:20:26 CST" time="0.005" errors="0">
  <testcase name="testMavenDemo" time="0.005" classname="com.demo.test.MavenDemoTest"/>
</testsuite> <!-- com.demo.test.MavenDemoTest -->
